<?xml version="1.0" encoding="UTF-8"?>
<testsuite xmlns:xsi="http://www.w3.org/2001/XMLSchema-instance" xsi:noNamespaceSchemaLocation="https://maven.apache.org/surefire/maven-surefire-plugin/xsd/surefire-test-report.xsd" name="co.edu.usbcali.banco.jpa.TestClienteJPA" time="6.305" tests="4" errors="0" skipped="0" failures="0">
  <properties>
[...]
</properties>
  <testcase name="aTest" classname="co.edu.usbcali.banco.jpa.TestClienteJPA" time="2.281"/>
  <testcase name="bTest" classname="co.edu.usbcali.banco.jpa.TestClienteJPA" time="0.288"/>
  <testcase name="cTest" classname="co.edu.usbcali.banco.jpa.TestClienteJPA" time="0.191"/>
  <testcase name="dTest" classname="co.edu.usbcali.banco.jpa.TestClienteJPA" time="3.288"/>
</testsuite>